Using pre-set license
Built from '2020.2/release' branch; Version is '2020.2.2f1 (068178b99f32) revision 426360'; Using compiler version '192528614'; Build Type 'Release'
OS: 'Windows 10 Enterprise LTSC 2019; OS build 17763.1697; Version 1809; 64bit' Language: 'ru' Physical Memory: 12226 MB
BatchMode: 1, IsHumanControllingUs: 0, StartBugReporterOnCrash: 0, Is64bit: 1, IsPro: 0

 COMMAND LINE ARGUMENTS:
C:\Program Files\Unity\2020.2.2f1\Editor\Unity.exe
-adb2
-batchMode
-noUpm
-name
AssetImportWorker0
-projectPath
E:/GitHub/VanHelsing
-logFile
Logs/AssetImportWorker0.log
-srvPort
59128
Successfully changed project path to: E:/GitHub/VanHelsing
E:/GitHub/VanHelsing
Using Asset Import Pipeline V2.
Refreshing native plugins compatible for Editor in 187.52 ms, found 3 plugins.
Preloading 1 native plugins for Editor in 0.73 ms.
Initialize engine version: 2020.2.2f1 (068178b99f32)
[Subsystems] Discovering subsystems at path C:/Program Files/Unity/2020.2.2f1/Editor/Data/Resources/UnitySubsystems
[Subsystems] Discovering subsystems at path E:/GitHub/VanHelsing/Assets
GfxDevice: creating device client; threaded=0
Direct3D:
    Version:  Direct3D 11.0 [level 11.1]
    Renderer: NVIDIA GeForce GTX 1650 (ID=0x1f82)
    Vendor:   
    VRAM:     3962 MB
    Driver:   26.21.14.4575
Initialize mono
Mono path[0] = 'C:/Program Files/Unity/2020.2.2f1/Editor/Data/Managed'
Mono path[1] = 'C:/Program Files/Unity/2020.2.2f1/Editor/Data/MonoBleedingEdge/lib/mono/unityjit'
Mono config path = 'C:/Program Files/Unity/2020.2.2f1/Editor/Data/MonoBleedingEdge/etc'
Using monoOptions --debugger-agent=transport=dt_socket,embedding=1,server=y,suspend=n,address=127.0.0.1:56032
Begin MonoManager ReloadAssembly
Registering precompiled unity dll's ...
Register platform support module: C:/Program Files/Unity/2020.2.2f1/Editor/Data/PlaybackEngines/WindowsStandaloneSupport/UnityEditor.WindowsStandalone.Extensions.dll
Registered in 0.002536 seconds.
Native extension for WindowsStandalone target not found
Refreshing native plugins compatible for Editor in 179.75 ms, found 3 plugins.
Preloading 1 native plugins for Editor in 0.04 ms.
Invoked RoslynAnalysisRunner static constructor.
RoslynAnalysisRunner will not be running.
RoslynAnalysisRunner has terminated.
Mono: successfully reloaded assembly
- Completed reload, in  1.857 seconds
Platform modules already initialized, skipping
Registering precompiled user dll's ...
Registered in 0.007889 seconds.
Begin MonoManager ReloadAssembly
Native extension for WindowsStandalone target not found
Refreshing native plugins compatible for Editor in 2.40 ms, found 3 plugins.
Preloading 1 native plugins for Editor in 0.06 ms.
Invoked RoslynAnalysisRunner static constructor.
RoslynAnalysisRunner will not be running.
RoslynAnalysisRunner has terminated.
Mono: successfully reloaded assembly
- Completed reload, in  2.648 seconds
Platform modules already initialized, skipping
========================================================================
Worker process is ready to serve import requests
Launched and connected shader compiler UnityShaderCompiler.exe after 0.06 seconds
Refreshing native plugins compatible for Editor in 2.40 ms, found 3 plugins.
Preloading 1 native plugins for Editor in 0.05 ms.
Unloading 3044 Unused Serialized files (Serialized files now loaded: 0)
System memory in use before: 140.0 MB.
System memory in use after: 132.6 MB.

Unloading 111 unused Assets to reduce memory usage. Loaded Objects now: 3443.
Total: 8.668800 ms (FindLiveObjects: 0.470500 ms CreateObjectMapping: 0.361900 ms MarkObjects: 2.723700 ms  DeleteObjects: 5.111200 ms)

========================================================================
Received Import Request.
  path: Assets/Scenes/StartLocation.unity
  artifactKey: Guid(9c9e54d5b0bc45f429500fff4d43af5d) Importer(815301076,1909f56bfc062723c751e8b465ee728b)
Start importing Assets/Scenes/StartLocation.unity using Guid(9c9e54d5b0bc45f429500fff4d43af5d) Importer(815301076,1909f56bfc062723c751e8b465ee728b)  -> (artifact id: '28ee05237368a881dab94ca1eb37d0e4') in 0.016592 seconds
  Import took 0.052071 seconds .

========================================================================
Received Import Request.
  Time since last request: 47.352488 seconds.
  path: Assets/New Terrain 3.asset
  artifactKey: Guid(9403d14110015b14fa5caca2e5c8eb91) Importer(815301076,1909f56bfc062723c751e8b465ee728b)
Start importing Assets/New Terrain 3.asset using Guid(9403d14110015b14fa5caca2e5c8eb91) Importer(815301076,1909f56bfc062723c751e8b465ee728b)  -> (artifact id: 'd637d3a2058cf714fb163346d13fc4d5') in 0.093747 seconds
  Import took 0.121316 seconds .

========================================================================
Received Import Request.
  Time since last request: 0.000291 seconds.
  path: Assets/New Terrain 4.asset
  artifactKey: Guid(1327880a717d4a642a9d896e2d287c44) Importer(815301076,1909f56bfc062723c751e8b465ee728b)
Start importing Assets/New Terrain 4.asset using Guid(1327880a717d4a642a9d896e2d287c44) Importer(815301076,1909f56bfc062723c751e8b465ee728b)  -> (artifact id: 'a712349d3df71acc549e7e8dc43d916d') in 0.024660 seconds
  Import took 0.048662 seconds .

========================================================================
Received Import Request.
  Time since last request: 0.000298 seconds.
  path: Assets/New Terrain 6.asset
  artifactKey: Guid(3f4383bb7b6a1f84ab061d8757c9633c) Importer(815301076,1909f56bfc062723c751e8b465ee728b)
Start importing Assets/New Terrain 6.asset using Guid(3f4383bb7b6a1f84ab061d8757c9633c) Importer(815301076,1909f56bfc062723c751e8b465ee728b)  -> (artifact id: 'c6636253538a07eb0c7b7de2e45c76e9') in 0.013654 seconds
  Import took 0.021112 seconds .

========================================================================
Received Import Request.
  Time since last request: 0.000309 seconds.
  path: Assets/New Terrain 9.asset
  artifactKey: Guid(52918f7aabfd2994c8a1a358dab1683a) Importer(815301076,1909f56bfc062723c751e8b465ee728b)
Start importing Assets/New Terrain 9.asset using Guid(52918f7aabfd2994c8a1a358dab1683a) Importer(815301076,1909f56bfc062723c751e8b465ee728b)  -> (artifact id: '3189cc405b4a55ac3d7d9855c8108f92') in 0.020952 seconds
  Import took 0.039879 seconds .

========================================================================
Received Import Request.
  Time since last request: 0.000306 seconds.
  path: Assets/New Terrain 5.asset
  artifactKey: Guid(d6da6342b12ba5a43a8f337387d9e8e9) Importer(815301076,1909f56bfc062723c751e8b465ee728b)
Start importing Assets/New Terrain 5.asset using Guid(d6da6342b12ba5a43a8f337387d9e8e9) Importer(815301076,1909f56bfc062723c751e8b465ee728b)  -> (artifact id: '38d9f2f4ece889dbe77cd5ecb6055bea') in 0.085402 seconds
  Import took 0.101433 seconds .

========================================================================
Received Import Request.
  Time since last request: 0.000307 seconds.
  path: Assets/New Terrain 7.asset
  artifactKey: Guid(5a0a81f902416e34893ca21ed7e75f9c) Importer(815301076,1909f56bfc062723c751e8b465ee728b)
Start importing Assets/New Terrain 7.asset using Guid(5a0a81f902416e34893ca21ed7e75f9c) Importer(815301076,1909f56bfc062723c751e8b465ee728b)  -> (artifact id: 'f4ccd1470d41549f6ad5a7023274b38d') in 0.012775 seconds
  Import took 0.027160 seconds .

========================================================================
Received Import Request.
  Time since last request: 0.000272 seconds.
  path: Assets/umotion_ik_preset.asset
  artifactKey: Guid(ec280c4a914bd7e40b16d709506e1eb3) Importer(815301076,1909f56bfc062723c751e8b465ee728b)
Start importing Assets/umotion_ik_preset.asset using Guid(ec280c4a914bd7e40b16d709506e1eb3) Importer(815301076,1909f56bfc062723c751e8b465ee728b)  -> (artifact id: '23b3a28d8a70dbe4079efc8961ebcaec') in 0.010070 seconds
  Import took 0.017623 seconds .

========================================================================
Received Import Request.
  Time since last request: 0.000351 seconds.
  path: Assets/New Terrain 8.asset
  artifactKey: Guid(c1a5201a4827d3444b230bd24ed7024e) Importer(815301076,1909f56bfc062723c751e8b465ee728b)
Start importing Assets/New Terrain 8.asset using Guid(c1a5201a4827d3444b230bd24ed7024e) Importer(815301076,1909f56bfc062723c751e8b465ee728b)  -> (artifact id: 'd87fac61db879f4fd9c7dfe11a223782') in 0.047922 seconds
  Import took 0.057249 seconds .

AssetImportWorkerClient::OnTransportError - code=2 error=End of file
