Using pre-set license
Built from '2020.2/release' branch; Version is '2020.2.1f1 (270dd8c3da1c) revision 2559448'; Using compiler version '192528614'; Build Type 'Release'
OS: 'Windows 10  (10.0.0) 64bit' Language: 'ru' Physical Memory: 16319 MB
BatchMode: 1, IsHumanControllingUs: 0, StartBugReporterOnCrash: 0, Is64bit: 1, IsPro: 0

 COMMAND LINE ARGUMENTS:
C:\Program Files\Unity\Hub\Editor\2019.1.1f1\Editor\Unity.exe
-adb2
-batchMode
-noUpm
-name
AssetImportWorker0
-projectPath
D:/Projects/VanHelsing
-logFile
Logs/AssetImportWorker0.log
-srvPort
59923
Successfully changed project path to: D:/Projects/VanHelsing
D:/Projects/VanHelsing
Using Asset Import Pipeline V2.
Refreshing native plugins compatible for Editor in 132.91 ms, found 3 plugins.
Preloading 1 native plugins for Editor in 0.50 ms.
Initialize engine version: 2020.2.1f1 (270dd8c3da1c)
[Subsystems] Discovering subsystems at path C:/Program Files/Unity/Hub/Editor/2019.1.1f1/Editor/Data/Resources/UnitySubsystems
[Subsystems] Discovering subsystems at path D:/Projects/VanHelsing/Assets
GfxDevice: creating device client; threaded=0
Direct3D:
    Version:  Direct3D 11.0 [level 11.1]
    Renderer: NVIDIA GeForce RTX 2070 SUPER (ID=0x1e84)
    Vendor:   
    VRAM:     8011 MB
    Driver:   27.21.14.6140
Initialize mono
Mono path[0] = 'C:/Program Files/Unity/Hub/Editor/2019.1.1f1/Editor/Data/Managed'
Mono path[1] = 'C:/Program Files/Unity/Hub/Editor/2019.1.1f1/Editor/Data/MonoBleedingEdge/lib/mono/unityjit'
Mono config path = 'C:/Program Files/Unity/Hub/Editor/2019.1.1f1/Editor/Data/MonoBleedingEdge/etc'
Using monoOptions --debugger-agent=transport=dt_socket,embedding=1,server=y,suspend=n,address=127.0.0.1:56188
Begin MonoManager ReloadAssembly
Registering precompiled unity dll's ...
Register platform support module: C:/Program Files/Unity/Hub/Editor/2019.1.1f1/Editor/Data/PlaybackEngines/WindowsStandaloneSupport/UnityEditor.WindowsStandalone.Extensions.dll
Registered in 0.001337 seconds.
Native extension for WindowsStandalone target not found
Refreshing native plugins compatible for Editor in 161.13 ms, found 3 plugins.
Preloading 1 native plugins for Editor in 0.03 ms.
Invoked RoslynAnalysisRunner static constructor.
RoslynAnalysisRunner will not be running.
RoslynAnalysisRunner has terminated.
Mono: successfully reloaded assembly
- Completed reload, in  0.916 seconds
Platform modules already initialized, skipping
Registering precompiled user dll's ...
Registered in 0.004495 seconds.
Begin MonoManager ReloadAssembly
Native extension for WindowsStandalone target not found
Refreshing native plugins compatible for Editor in 1.48 ms, found 3 plugins.
Preloading 1 native plugins for Editor in 0.04 ms.
Invoked RoslynAnalysisRunner static constructor.
RoslynAnalysisRunner will not be running.
RoslynAnalysisRunner has terminated.
Mono: successfully reloaded assembly
- Completed reload, in  1.837 seconds
Platform modules already initialized, skipping
========================================================================
Worker process is ready to serve import requests
Launched and connected shader compiler UnityShaderCompiler.exe after 0.02 seconds
Refreshing native plugins compatible for Editor in 1.48 ms, found 3 plugins.
Preloading 1 native plugins for Editor in 0.03 ms.
Unloading 3042 Unused Serialized files (Serialized files now loaded: 0)
System memory in use before: 157.8 MB.
System memory in use after: 158.1 MB.

Unloading 46 unused Assets to reduce memory usage. Loaded Objects now: 3539.
Total: 2.514600 ms (FindLiveObjects: 0.266400 ms CreateObjectMapping: 0.206300 ms MarkObjects: 1.956200 ms  DeleteObjects: 0.084400 ms)

========================================================================
Received Import Request.
  path: Assets/Scenes/NewStartLocation
  artifactKey: Guid(98af7926e342fd84f8f000cb27e2b91e) Importer(815301076,1909f56bfc062723c751e8b465ee728b)
Start importing Assets/Scenes/NewStartLocation using Guid(98af7926e342fd84f8f000cb27e2b91e) Importer(815301076,1909f56bfc062723c751e8b465ee728b)  -> (artifact id: 'dff0ccf2ed31e8680360a6fd9800c39e') in 0.024569 seconds
  Import took 0.029453 seconds .

========================================================================
Received Import Request.
  Time since last request: 6.859230 seconds.
  path: Assets/Scenes/New Folder
  artifactKey: Guid(0ca4f0432253c6747ab48901fccd7460) Importer(815301076,1909f56bfc062723c751e8b465ee728b)
Start importing Assets/Scenes/New Folder using Guid(0ca4f0432253c6747ab48901fccd7460) Importer(815301076,1909f56bfc062723c751e8b465ee728b)  -> (artifact id: 'cc844cd1910119d4322e5df3a75afe67') in 0.020139 seconds
  Import took 0.024870 seconds .

========================================================================
Received Import Request.
  Time since last request: 11.292713 seconds.
  path: Assets/Scenes/Tren Location
  artifactKey: Guid(0ca4f0432253c6747ab48901fccd7460) Importer(815301076,1909f56bfc062723c751e8b465ee728b)
Start importing Assets/Scenes/Tren Location using Guid(0ca4f0432253c6747ab48901fccd7460) Importer(815301076,1909f56bfc062723c751e8b465ee728b)  -> (artifact id: 'db17fb4ccfe79aae74330cfc230b6cf7') in 0.020576 seconds
  Import took 0.026525 seconds .

========================================================================
Received Import Request.
  Time since last request: 49.557847 seconds.
  path: Assets/Scenes/Scenes.7z
  artifactKey: Guid(1240f8f7f08f38a4db96f00146c6804a) Importer(815301076,1909f56bfc062723c751e8b465ee728b)
Start importing Assets/Scenes/Scenes.7z using Guid(1240f8f7f08f38a4db96f00146c6804a) Importer(815301076,1909f56bfc062723c751e8b465ee728b)  -> (artifact id: 'bc588c83fee3ab8069a777df8e7c17a4') in 0.038380 seconds
  Import took 0.045584 seconds .

========================================================================
Received Import Request.
  Time since last request: 16.545418 seconds.
  path: Assets/Scenes/Tren Location/New Location.unity
  artifactKey: Guid(b87c2b04a0c224747a4d28ef5c910aa9) Importer(815301076,1909f56bfc062723c751e8b465ee728b)
Start importing Assets/Scenes/Tren Location/New Location.unity using Guid(b87c2b04a0c224747a4d28ef5c910aa9) Importer(815301076,1909f56bfc062723c751e8b465ee728b)  -> (artifact id: '2e3a6a963eaceccfb1b0f07274628b46') in 0.107832 seconds
  Import took 0.128318 seconds .

========================================================================
Received Import Request.
  Time since last request: 8.028419 seconds.
  path: Assets/Scenes/Tren Location/Tren Location.unity
  artifactKey: Guid(b87c2b04a0c224747a4d28ef5c910aa9) Importer(815301076,1909f56bfc062723c751e8b465ee728b)
Start importing Assets/Scenes/Tren Location/Tren Location.unity using Guid(b87c2b04a0c224747a4d28ef5c910aa9) Importer(815301076,1909f56bfc062723c751e8b465ee728b)  -> (artifact id: 'baa2d98c6ba69dbec2b3c002efc8afd0') in 0.020210 seconds
  Import took 0.024751 seconds .

========================================================================
Received Import Request.
  Time since last request: 11.329443 seconds.
  path: Assets/Scenes/Tren Location/Trent Location.unity
  artifactKey: Guid(b87c2b04a0c224747a4d28ef5c910aa9) Importer(815301076,1909f56bfc062723c751e8b465ee728b)
Start importing Assets/Scenes/Tren Location/Trent Location.unity using Guid(b87c2b04a0c224747a4d28ef5c910aa9) Importer(815301076,1909f56bfc062723c751e8b465ee728b)  -> (artifact id: '472ec65b7fb057449ead79f89ab471df') in 0.020582 seconds
  Import took 0.027595 seconds .

AssetImportWorkerClient::OnTransportError - code=2 error=End of file
